<?xml version="1.0" encoding="UTF-8"?>
<Site BuildName="(empty)"
	BuildStamp="20240318-1320-Experimental"
	Name="(empty)"
	Generator="ctest-3.28.3"
	CompilerName=""
	CompilerVersion=""
	OSName="Linux"
	Hostname="alwa"
	OSRelease="6.5.0-21-generic"
	OSVersion="#21~22.04.1-Ubuntu SMP PREEMPT_DYNAMIC Fri Feb  9 13:32:52 UTC 2"
	OSPlatform="x86_64"
	Is64Bits="1"
	VendorString="GenuineIntel"
	VendorID="Intel Corporation"
	FamilyID="6"
	ModelID="158"
	ProcessorCacheSize="12288"
	NumberOfLogicalCPU="12"
	NumberOfPhysicalCPU="6"
	TotalVirtualMemory="1955"
	TotalPhysicalMemory="15778"
	LogicalProcessorsPerPhysical="2"
	ProcessorClockFrequency="4199.2"
	>
	<Testing>
		<StartDateTime>Mar 18 14:20 CET</StartDateTime>
		<StartTestTime>1710768005</StartTestTime>
		<TestList/>
		<EndDateTime>Mar 18 14:20 CET</EndDateTime>
		<EndTestTime>1710768005</EndTestTime>
		<ElapsedMinutes>0</ElapsedMinutes>
	</Testing>
</Site>
